<?xml version="1.0" encoding="utf-8"?>
<TestRun id="be8975f8-d9bd-4e86-aadf-c20154d5f8e9" name="Milo@SECOND-WORK-PC 2026-02-23 09:08:37" runUser="Second-Work-PC\Milo" xmlns="http://microsoft.com/schemas/VisualStudio/TeamTest/2010">
  <Times creation="2026-02-23T09:08:37.6825316+01:00" queuing="2026-02-23T09:08:37.6825317+01:00" start="2026-02-23T09:08:37.0982738+01:00" finish="2026-02-23T09:08:37.6928501+01:00" />
  <TestSettings name="default" id="cafdc508-bb84-4009-afa7-12567d59e827">
    <Deployment runDeploymentRoot="Milo_SECOND-WORK-PC_2026-02-23_09_08_37" />
  </TestSettings>
  <Results>
    <UnitTestResult executionId="f3de2900-c544-4f2a-816c-5b48f3e5c17b" testId="04551d59-44b3-74f4-c28d-66633da0fbd0" testName="RemoveParenthesesWithElseIfChain" computerName="SECOND-WORK-PC" duration="00:00:00.0681940" startTime="2026-02-23T09:08:37.5151472+01:00" endTime="2026-02-23T09:08:37.5832986+01:00" testType="13cdc9d9-ddb5-4fa4-a97d-d965ccfc6d4b" outcome="Failed" testListId="8c84fa94-04c1-424b-9868-57a2d4851a1d" relativeResultsDirectory="f3de2900-c544-4f2a-816c-5b48f3e5c17b">
      <Output>
        <ErrorInfo>
          <Message>Strict.Language.Body+ValueIsNotMutableAndCannotBeChanged : value&#xD;
   at Increment Mutable(Number) in TestPackage\Number.strict:line 37&#xD;
	value = value + 1</Message>
          <StackTrace>   at Strict.Expressions.MutableReassignment..ctor(Body scope, Expression target, Expression newValue) in C:\code\GitHub\strict-lang\Strict\Strict.Expressions\MutableReassignment.cs:line 11&#xD;
   at Strict.Expressions.MutableReassignment.TryParseReassignment(Body body, ReadOnlySpan`1 line) in C:\code\GitHub\strict-lang\Strict\Strict.Expressions\MutableReassignment.cs:line 44&#xD;
   at Strict.Expressions.MutableReassignment.TryParse(Body body, ReadOnlySpan`1 line) in C:\code\GitHub\strict-lang\Strict\Strict.Expressions\MutableReassignment.cs:line 31&#xD;
   at Strict.Language.Body.Parse() in C:\code\GitHub\strict-lang\Strict\Strict.Language\Body.cs:line 56&#xD;
   at Strict.Language.Method.GetBodyAndParseIfNeeded(Boolean parseTestsOnlyForGeneric) in C:\code\GitHub\strict-lang\Strict\Strict.Language\Method.cs:line 383&#xD;
   at Strict.HighLevelRuntime.Executor.Execute(Method method, ValueInstance instance, IReadOnlyList`1 args, ExecutionContext parentContext, Boolean runOnlyTests) in C:\code\GitHub\strict-lang\Strict\Strict.HighLevelRuntime\Executor.cs:line 50&#xD;
   at Strict.HighLevelRuntime.Executor.Execute(Method method, ValueInstance instance, IReadOnlyList`1 args, ExecutionContext parentContext) in C:\code\GitHub\strict-lang\Strict\Strict.HighLevelRuntime\Executor.cs:line 18&#xD;
   at Strict.HighLevelRuntime.MethodCallEvaluator.ExecuteMethodCall(MethodCall call, ValueInstance instance, ExecutionContext ctx) in C:\code\GitHub\strict-lang\Strict\Strict.HighLevelRuntime\MethodCallEvaluator.cs:line 311&#xD;
   at Strict.HighLevelRuntime.MethodCallEvaluator.Evaluate(MethodCall call, ExecutionContext ctx) in C:\code\GitHub\strict-lang\Strict\Strict.HighLevelRuntime\MethodCallEvaluator.cs:line 32&#xD;
   at Strict.HighLevelRuntime.Executor.EvaluateMethodCall(MethodCall call, ExecutionContext ctx) in C:\code\GitHub\strict-lang\Strict\Strict.HighLevelRuntime\Executor.cs:line 309&#xD;
   at Strict.HighLevelRuntime.Executor.RunExpression(Expression expr, ExecutionContext context, Boolean runOnlyTests) in C:\code\GitHub\strict-lang\Strict\Strict.HighLevelRuntime\Executor.cs:line 238&#xD;
   at Strict.HighLevelRuntime.IfEvaluator.Evaluate(If iff, ExecutionContext ctx) in C:\code\GitHub\strict-lang\Strict\Strict.HighLevelRuntime\IfEvaluator.cs:line 12&#xD;
   at Strict.HighLevelRuntime.Executor.RunExpression(Expression expr, ExecutionContext context, Boolean runOnlyTests) in C:\code\GitHub\strict-lang\Strict\Strict.HighLevelRuntime\Executor.cs:line 232&#xD;
   at Strict.HighLevelRuntime.ForEvaluator.EvaluateBody(Body body, ExecutionContext ctx) in C:\code\GitHub\strict-lang\Strict\Strict.HighLevelRuntime\ForEvaluator.cs:line 68&#xD;
   at Strict.HighLevelRuntime.ForEvaluator.ExecuteForIteration(For f, ExecutionContext ctx, ValueInstance iterator, ICollection`1 results, Type itemType, Int32 index) in C:\code\GitHub\strict-lang\Strict\Strict.HighLevelRuntime\ForEvaluator.cs:line 51&#xD;
   at Strict.HighLevelRuntime.ForEvaluator.Evaluate(For f, ExecutionContext ctx) in C:\code\GitHub\strict-lang\Strict\Strict.HighLevelRuntime\ForEvaluator.cs:line 32&#xD;
   at Strict.HighLevelRuntime.Executor.RunExpression(Expression expr, ExecutionContext context, Boolean runOnlyTests) in C:\code\GitHub\strict-lang\Strict\Strict.HighLevelRuntime\Executor.cs:line 234&#xD;
   at Strict.HighLevelRuntime.BodyEvaluator.TryEvaluate(Body body, ExecutionContext ctx, Boolean runOnlyTests) in C:\code\GitHub\strict-lang\Strict\Strict.HighLevelRuntime\BodyEvaluator.cs:line 40&#xD;
   at Strict.HighLevelRuntime.BodyEvaluator.Evaluate(Body body, ExecutionContext ctx, Boolean runOnlyTests) in C:\code\GitHub\strict-lang\Strict\Strict.HighLevelRuntime\BodyEvaluator.cs:line 14&#xD;
   at Strict.HighLevelRuntime.Executor.RunExpression(Expression expr, ExecutionContext context, Boolean runOnlyTests) in C:\code\GitHub\strict-lang\Strict\Strict.HighLevelRuntime\Executor.cs:line 227&#xD;
   at Strict.HighLevelRuntime.Executor.Execute(Method method, ValueInstance instance, IReadOnlyList`1 args, ExecutionContext parentContext, Boolean runOnlyTests) in C:\code\GitHub\strict-lang\Strict\Strict.HighLevelRuntime\Executor.cs:line 62&#xD;
   at Strict.HighLevelRuntime.Executor.Execute(Method method, ValueInstance instance, IReadOnlyList`1 args, ExecutionContext parentContext) in C:\code\GitHub\strict-lang\Strict\Strict.HighLevelRuntime\Executor.cs:line 18&#xD;
   at Strict.HighLevelRuntime.Tests.ForTests.RemoveParenthesesWithElseIfChain() in C:\code\GitHub\strict-lang\Strict\Strict.HighLevelRuntime.Tests\ForTests.cs:line 139&#xD;
   at System.Reflection.MethodBaseInvoker.InterpretedInvoke_Method(Object obj, IntPtr* args)&#xD;
   at System.Reflection.MethodBaseInvoker.InvokeWithNoArgs(Object obj, BindingFlags invokeAttr)
</StackTrace>
        </ErrorInfo>
      </Output>
    </UnitTestResult>
  </Results>
  <TestDefinitions>
    <UnitTest name="RemoveParenthesesWithElseIfChain" storage="c:\code\github\strict-lang\strict\strict.highlevelruntime.tests\bin\debug\net10.0\strict.highlevelruntime.tests.dll" id="04551d59-44b3-74f4-c28d-66633da0fbd0">
      <Execution id="f3de2900-c544-4f2a-816c-5b48f3e5c17b" />
      <TestMethod codeBase="C:\code\GitHub\strict-lang\Strict\Strict.HighLevelRuntime.Tests\bin\Debug\net10.0\Strict.HighLevelRuntime.Tests.dll" adapterTypeName="executor://nunit3testexecutor/" className="Strict.HighLevelRuntime.Tests.ForTests" name="RemoveParenthesesWithElseIfChain" />
    </UnitTest>
  </TestDefinitions>
  <TestEntries>
    <TestEntry testId="04551d59-44b3-74f4-c28d-66633da0fbd0" executionId="f3de2900-c544-4f2a-816c-5b48f3e5c17b" testListId="8c84fa94-04c1-424b-9868-57a2d4851a1d" />
  </TestEntries>
  <TestLists>
    <TestList name="Results Not in a List" id="8c84fa94-04c1-424b-9868-57a2d4851a1d" />
    <TestList name="All Loaded Results" id="19431567-8539-422a-85d7-44ee4e166bda" />
  </TestLists>
  <ResultSummary outcome="Failed">
    <Counters total="1" executed="1" passed="0" failed="1" error="0" timeout="0" aborted="0" inconclusive="0" passedButRunAborted="0" notRunnable="0" notExecuted="0" disconnected="0" warning="0" completed="0" inProgress="0" pending="0" />
    <Output>
      <StdOut>NUnit Adapter 4.6.0.0: Test execution started&#xD;
Running selected tests in C:\code\GitHub\strict-lang\Strict\Strict.HighLevelRuntime.Tests\bin\Debug\net10.0\Strict.HighLevelRuntime.Tests.dll&#xD;
   NUnit3TestExecutor discovered 1 of 1 NUnit test cases using Current Discovery mode, Non-Explicit run&#xD;
NUnit Adapter 4.6.0.0: Test execution complete&#xD;
</StdOut>
    </Output>
  </ResultSummary>
</TestRun>