<?xml version="1.0" encoding="utf-8"?>
<TestRun id="e560b539-3360-464d-949b-573dfb12c723" name="Milo@SECOND-WORK-PC 2026-02-23 08:28:44" runUser="Second-Work-PC\Milo" xmlns="http://microsoft.com/schemas/VisualStudio/TeamTest/2010">
  <Times creation="2026-02-23T08:28:44.8509722+01:00" queuing="2026-02-23T08:28:44.8509724+01:00" start="2026-02-23T08:28:44.3025693+01:00" finish="2026-02-23T08:28:44.8626230+01:00" />
  <TestSettings name="default" id="32ac3b2b-556c-415a-a4d2-3f7963c84a80">
    <Deployment runDeploymentRoot="Milo_SECOND-WORK-PC_2026-02-23_08_28_44" />
  </TestSettings>
  <Results>
    <UnitTestResult executionId="73e4287c-48ff-44c5-9264-f01341b0a5b1" testId="547ac1be-c540-29d4-cda6-e62f1bd92230" testName="InvalidGrammarShouldFail" computerName="SECOND-WORK-PC" duration="00:00:00.0049530" startTime="2026-02-23T08:28:44.7405184+01:00" endTime="2026-02-23T08:28:44.7454709+01:00" testType="13cdc9d9-ddb5-4fa4-a97d-d965ccfc6d4b" outcome="Passed" testListId="8c84fa94-04c1-424b-9868-57a2d4851a1d" relativeResultsDirectory="73e4287c-48ff-44c5-9264-f01341b0a5b1" />
    <UnitTestResult executionId="84e96fb1-1718-446a-88d8-b4cbed810ba1" testId="7920d0e6-55e9-49ec-942d-a4a1ac1e17b1" testName="StrictCodeDoesNotCrash" computerName="SECOND-WORK-PC" duration="00:00:00.0096470" startTime="2026-02-23T08:28:44.7454827+01:00" endTime="2026-02-23T08:28:44.7551300+01:00" testType="13cdc9d9-ddb5-4fa4-a97d-d965ccfc6d4b" outcome="Passed" testListId="8c84fa94-04c1-424b-9868-57a2d4851a1d" relativeResultsDirectory="84e96fb1-1718-446a-88d8-b4cbed810ba1" />
    <UnitTestResult executionId="16f91db8-2523-4ea6-92b3-2dca441b7d60" testId="07a184ea-e2dc-c68a-c6c4-e11d7431d052" testName="StrictCodeRuns" computerName="SECOND-WORK-PC" duration="00:00:00.0098960" startTime="2026-02-23T08:28:44.7551406+01:00" endTime="2026-02-23T08:28:44.7650370+01:00" testType="13cdc9d9-ddb5-4fa4-a97d-d965ccfc6d4b" outcome="Passed" testListId="8c84fa94-04c1-424b-9868-57a2d4851a1d" relativeResultsDirectory="16f91db8-2523-4ea6-92b3-2dca441b7d60" />
    <UnitTestResult executionId="7b735b89-f1b4-44d1-a5e1-4e3759651592" testId="f501de4e-a850-33e7-9aea-03d30d968acf" testName="CheckAllBaseFiles" computerName="SECOND-WORK-PC" duration="00:00:00.0634460" startTime="2026-02-23T08:28:44.6762116+01:00" endTime="2026-02-23T08:28:44.7396149+01:00" testType="13cdc9d9-ddb5-4fa4-a97d-d965ccfc6d4b" outcome="Failed" testListId="8c84fa94-04c1-424b-9868-57a2d4851a1d" relativeResultsDirectory="7b735b89-f1b4-44d1-a5e1-4e3759651592">
      <Output>
        <ErrorInfo>
          <Message>  C:\code\GitHub\strict-lang\Strict.Base\Boolean.strict:  Index=349, Line=16, Context=" false)&#xD;
	&gt;&gt;&gt;(value and"&#xD;
Expected:&#xD;
LF: Literal: '&#xD;
'&#xD;
TAB: Literal: '	'&#xD;
member: (Literal: 'has', variable: (NAME: Repeat: (Char: 0x41 to 0x5a | Char: 0x61 to 0x7a), Optional: type: (NAME, Optional: (Literal: '(', variable, Repeat: (Literal: ',', variable), Literal: ')'))), Optional: (Literal: 'with', expression: ((constant: (Literal: 'true' | Literal: 'false' | NUMBER: (Repeat: Char: 0x30 to 0x39, Optional: (Literal: '.', Repeat: Char: 0x30 to 0x39)) | STRING: (Literal: '"', Repeat: (STRINGCHAR: Char: 'a','b','c','d','e','f','g','h','i','j','k','l','m','n','o','p','q','r','s','t','u','v','w','x','y','z','A','B','C','D','E','F','G','H','I','J','K','L','M','N','O','P','Q','R','S','T','U','V','W','X','Y','Z','0','1','2','3','4','5','6','7','8','9',0x20,'.',',',';',':','!','?','+','*','/','=','&lt;','&gt;','(',')','_','^','%','&amp;','|','~','@','#','$',''','-' | TAB: Literal: '	' | Literal: '\'), Literal: '"')) | group: (Literal: '(', expression, Repeat: (Literal: ',', expression), Literal: ')') | unary_exp: (unary_op: (Literal: '-' | Literal: 'not'), expression) | return: (Literal: 'return', expression) | mutable: (Literal: 'mutable', NAME, Literal: '=', expression) | if: (Literal: 'if', expression, LF: Literal: '&#xD;
', block: Repeat: (Repeat: TAB, expression, Optional: LF), Optional: (Literal: 'else', LF, block)) | for: (Literal: 'for', Optional: (reference: NAME, Literal: 'in'), expression, LF, block) | member | assignment: (Optional: Literal: 'constant', Optional: Literal: 'mutable', Optional: Literal: 'let', NAME, Literal: '=', expression) | variablecall: (NAME, Optional: (Literal: '(', Optional: arguments: (argument: expression, Repeat: (Literal: ',', argument)), Literal: ')'))), Repeat: ((Literal: '.', methodcall: (methodname: (NAME | binary_op: (Literal: '+' | Literal: '-' | Literal: '*' | Literal: '/' | Literal: '%' | Literal: '^' | Literal: '&lt;' | Literal: '&lt;=' | Literal: '&gt;' | Literal: '&gt;=' | Literal: 'in' | Literal: 'is' | Literal: 'is not' | Literal: 'is not in' | Literal: 'and' | Literal: 'or' | Literal: 'xor') | unary_op | conversion: (Literal: 'from' | Literal: 'to')), Optional: (Literal: '(', Optional: arguments, Literal: ')'))) | (conversion, variablecall) | (binary_op, expression) | (Literal: 'then', expression, (Literal: 'else' | Literal: ':'), expression)))), Optional: LF)&#xD;
NAME: Repeat: (Char: 0x41 to 0x5a | Char: 0x61 to 0x7a)&#xD;
binary_op: (Literal: '+' | Literal: '-' | Literal: '*' | Literal: '/' | Literal: '%' | Literal: '^' | Literal: '&lt;' | Literal: '&lt;=' | Literal: '&gt;' | Literal: '&gt;=' | Literal: 'in' | Literal: 'is' | Literal: 'is not' | Literal: 'is not in' | Literal: 'and' | Literal: 'or' | Literal: 'xor')&#xD;
unary_op: (Literal: '-' | Literal: 'not')&#xD;
conversion: (Literal: 'from' | Literal: 'to')&#xD;
methodname: (NAME: Repeat: (Char: 0x41 to 0x5a | Char: 0x61 to 0x7a) | binary_op: (Literal: '+' | Literal: '-' | Literal: '*' | Literal: '/' | Literal: '%' | Literal: '^' | Literal: '&lt;' | Literal: '&lt;=' | Literal: '&gt;' | Literal: '&gt;=' | Literal: 'in' | Literal: 'is' | Literal: 'is not' | Literal: 'is not in' | Literal: 'and' | Literal: 'or' | Literal: 'xor') | unary_op: (Literal: '-' | Literal: 'not') | conversion: (Literal: 'from' | Literal: 'to'))&#xD;
method: (methodname: (NAME: Repeat: (Char: 0x41 to 0x5a | Char: 0x61 to 0x7a) | binary_op: (Literal: '+' | Literal: '-' | Literal: '*' | Literal: '/' | Literal: '%' | Literal: '^' | Literal: '&lt;' | Literal: '&lt;=' | Literal: '&gt;' | Literal: '&gt;=' | Literal: 'in' | Literal: 'is' | Literal: 'is not' | Literal: 'is not in' | Literal: 'and' | Literal: 'or' | Literal: 'xor') | unary_op: (Literal: '-' | Literal: 'not') | conversion: (Literal: 'from' | Literal: 'to')), Optional: (Literal: '(', parameters: (parameter: (NAME, Optional: type: (NAME, Optional: (Literal: '(', variable: (NAME, Optional: type), Repeat: (Literal: ',', variable), Literal: ')')), Optional: (Literal: '=', expression: ((constant: (Literal: 'true' | Literal: 'false' | NUMBER: (Repeat: Char: 0x30 to 0x39, Optional: (Literal: '.', Repeat: Char: 0x30 to 0x39)) | STRING: (Literal: '"', Repeat: (STRINGCHAR: Char: 'a','b','c','d','e','f','g','h','i','j','k','l','m','n','o','p','q','r','s','t','u','v','w','x','y','z','A','B','C','D','E','F','G','H','I','J','K','L','M','N','O','P','Q','R','S','T','U','V','W','X','Y','Z','0','1','2','3','4','5','6','7','8','9',0x20,'.',',',';',':','!','?','+','*','/','=','&lt;','&gt;','(',')','_','^','%','&amp;','|','~','@','#','$',''','-' | TAB: Literal: '	' | Literal: '\'), Literal: '"')) | group: (Literal: '(', expression, Repeat: (Literal: ',', expression), Literal: ')') | unary_exp: (unary_op, expression) | return: (Literal: 'return', expression) | mutable: (Literal: 'mutable', NAME, Literal: '=', expression) | if: (Literal: 'if', expression, LF: Literal: '&#xD;
', block: Repeat: (Repeat: TAB, expression, Optional: LF), Optional: (Literal: 'else', LF, block)) | for: (Literal: 'for', Optional: (reference: NAME, Literal: 'in'), expression, LF, block) | member: (Literal: 'has', variable, Optional: (Literal: 'with', expression), Optional: LF) | assignment: (Optional: Literal: 'constant', Optional: Literal: 'mutable', Optional: Literal: 'let', NAME, Literal: '=', expression) | variablecall: (NAME, Optional: (Literal: '(', Optional: arguments: (argument: expression, Repeat: (Literal: ',', argument)), Literal: ')'))), Repeat: ((Literal: '.', methodcall: (methodname, Optional: (Literal: '(', Optional: arguments, Literal: ')'))) | (conversion, variablecall) | (binary_op, expression) | (Literal: 'then', expression, (Literal: 'else' | Literal: ':'), expression))))), Repeat: (Literal: ',', parameter)), Literal: ')'), Optional: type, Optional: LF, Optional: block)&#xD;
assignment: (Optional: Literal: 'constant', Optional: Literal: 'mutable', Optional: Literal: 'let', NAME: Repeat: (Char: 0x41 to 0x5a | Char: 0x61 to 0x7a), Literal: '=', expression: ((constant: (Literal: 'true' | Literal: 'false' | NUMBER: (Repeat: Char: 0x30 to 0x39, Optional: (Literal: '.', Repeat: Char: 0x30 to 0x39)) | STRING: (Literal: '"', Repeat: (STRINGCHAR: Char: 'a','b','c','d','e','f','g','h','i','j','k','l','m','n','o','p','q','r','s','t','u','v','w','x','y','z','A','B','C','D','E','F','G','H','I','J','K','L','M','N','O','P','Q','R','S','T','U','V','W','X','Y','Z','0','1','2','3','4','5','6','7','8','9',0x20,'.',',',';',':','!','?','+','*','/','=','&lt;','&gt;','(',')','_','^','%','&amp;','|','~','@','#','$',''','-' | TAB: Literal: '	' | Literal: '\'), Literal: '"')) | group: (Literal: '(', expression, Repeat: (Literal: ',', expression), Literal: ')') | unary_exp: (unary_op: (Literal: '-' | Literal: 'not'), expression) | return: (Literal: 'return', expression) | mutable: (Literal: 'mutable', NAME, Literal: '=', expression) | if: (Literal: 'if', expression, LF: Literal: '&#xD;
', block: Repeat: (Repeat: TAB, expression, Optional: LF), Optional: (Literal: 'else', LF, block)) | for: (Literal: 'for', Optional: (reference: NAME, Literal: 'in'), expression, LF, block) | member: (Literal: 'has', variable: (NAME, Optional: type: (NAME, Optional: (Literal: '(', variable, Repeat: (Literal: ',', variable), Literal: ')'))), Optional: (Literal: 'with', expression), Optional: LF) | assignment | variablecall: (NAME, Optional: (Literal: '(', Optional: arguments: (argument: expression, Repeat: (Literal: ',', argument)), Literal: ')'))), Repeat: ((Literal: '.', methodcall: (methodname: (NAME | binary_op: (Literal: '+' | Literal: '-' | Literal: '*' | Literal: '/' | Literal: '%' | Literal: '^' | Literal: '&lt;' | Literal: '&lt;=' | Literal: '&gt;' | Literal: '&gt;=' | Literal: 'in' | Literal: 'is' | Literal: 'is not' | Literal: 'is not in' | Literal: 'and' | Literal: 'or' | Literal: 'xor') | unary_op | conversion: (Literal: 'from' | Literal: 'to')), Optional: (Literal: '(', Optional: arguments, Literal: ')'))) | (conversion, variablecall) | (binary_op, expression) | (Literal: 'then', expression, (Literal: 'else' | Literal: ':'), expression))))&#xD;
Error Eto.Parse.UnaryParser: LF: Literal: '&#xD;
', Children: LF: Literal: '&#xD;
',Literal: '&#xD;
',Error Eto.Parse.UnaryParser: TAB: Literal: '	', Children: TAB: Literal: '	',Literal: '	',Error Eto.Parse.UnaryParser: member: Sequence, Children: member: Sequence,Sequence,Repeat: Char: White Space,Char: White Space,Optional: LF: Literal: '&#xD;
',LF: Literal: '&#xD;
',Literal: '&#xD;
',Optional: Sequence,Sequence,expression: Sequence,Sequence,Repeat: Alternative,Alternative,Sequence,Alternative,Literal: ':',Literal: 'else',Literal: 'then',Sequence,binary_op: Alternative,Alternative,Literal: 'xor',Literal: 'or',Literal: 'and',Literal: 'is not in',Literal: 'is not',Literal: 'is',Literal: 'in',Literal: '&gt;=',Literal: '&gt;',Literal: '&lt;=',Literal: '&lt;',Literal: '^',Literal: '%',Literal: '/',Literal: '*',Literal: '-',Literal: '+',Sequence,variablecall: Sequence,Sequence,Optional: Sequence,Sequence,Literal: ')',Optional: arguments: Sequence,arguments: Sequence,Sequence,Repeat: Sequence,Sequence,argument: expression: Sequence,Literal: ',',Literal: '(',NAME: Repeat: Alternative,Repeat: Alternative,Alternative,Char: 0x61 to 0x7a,Char: 0x41 to 0x5a,conversion: Alternative,Alternative,Literal: 'to',Literal: 'from',Sequence,methodcall: Sequence,Sequence,Optional: Sequence,Sequence,Literal: ')',Optional: arguments: Sequence,Literal: '(',methodname: Alternative,Alternative,unary_op: Alternative,Alternative,Literal: 'not',Literal: '-',Literal: '.',Alternative,assignment: Sequence,Sequence,Literal: '=',Optional: Literal: 'let',Literal: 'let',Optional: Literal: 'mutable',Literal: 'mutable',Optional: Literal: 'constant',Literal: 'constant',for: Sequence,Sequence,block: Repeat: Sequence,Repeat: Sequence,Sequence,Optional: LF: Literal: '&#xD;
',Repeat: TAB: Literal: '	',TAB: Literal: '	',Literal: '	',Optional: Sequence,Sequence,Literal: 'in',reference: NAME: Repeat: Alternative,Literal: 'for',if: Sequence,Sequence,Optional: Sequence,Sequence,Literal: 'else',Literal: 'if',mutable: Sequence,Sequence,Literal: '=',Literal: 'mutable',return: Sequence,Sequence,Literal: 'return',unary_exp: Sequence,Sequence,group: Sequence,Sequence,Literal: ')',Repeat: Sequence,Sequence,Literal: ',',Literal: '(',constant: Alternative,Alternative,STRING: Sequence,Sequence,Literal: '"',Repeat: Alternative,Alternative,Literal: '\',STRINGCHAR: Char: 'a','b','c','d','e','f','g','h','i','j','k','l','m','n','o','p','q','r','s','t','u','v','w','x','y','z','A','B','C','D','E','F','G','H','I','J','K','L','M','N','O','P','Q','R','S','T','U','V','W','X','Y','Z','0','1','2','3','4','5','6','7','8','9',0x20,'.',',',';',':','!','?','+','*','/','=','&lt;','&gt;','(',')','_','^','%','&amp;','|','~','@','#','$',''','-',Char: 'a','b','c','d','e','f','g','h','i','j','k','l','m','n','o','p','q','r','s','t','u','v','w','x','y','z','A','B','C','D','E','F','G','H','I','J','K','L','M','N','O','P','Q','R','S','T','U','V','W','X','Y','Z','0','1','2','3','4','5','6','7','8','9',0x20,'.',',',';',':','!','?','+','*','/','=','&lt;','&gt;','(',')','_','^','%','&amp;','|','~','@','#','$',''','-',Literal: '"',NUMBER: Sequence,Sequence,Optional: Sequence,Sequence,Repeat: Char: 0x30 to 0x39,Char: 0x30 to 0x39,Literal: '.',Repeat: Char: 0x30 to 0x39,Char: 0x30 to 0x39,Literal: 'false',Literal: 'true',Literal: 'with',variable: Sequence,Sequence,Optional: type: Sequence,type: Sequence,Sequence,Optional: Sequence,Sequence,Literal: ')',Repeat: Sequence,Sequence,Literal: ',',Literal: '(',Literal: 'has',Error Eto.Parse.UnaryParser: NAME: Repeat: Alternative, Children: NAME: Repeat: Alternative,Repeat: Alternative,Alternative,Char: 0x61 to 0x7a,Char: 0x41 to 0x5a,Error Eto.Parse.UnaryParser: binary_op: Alternative, Children: binary_op: Alternative,Alternative,Literal: 'xor',Literal: 'or',Literal: 'and',Literal: 'is not in',Literal: 'is not',Literal: 'is',Literal: 'in',Literal: '&gt;=',Literal: '&gt;',Literal: '&lt;=',Literal: '&lt;',Literal: '^',Literal: '%',Literal: '/',Literal: '*',Literal: '-',Literal: '+',Error Eto.Parse.UnaryParser: unary_op: Alternative, Children: unary_op: Alternative,Alternative,Literal: 'not',Literal: '-',Error Eto.Parse.UnaryParser: conversion: Alternative, Children: conversion: Alternative,Alternative,Literal: 'to',Literal: 'from',Error Eto.Parse.UnaryParser: methodname: Alternative, Children: methodname: Alternative,Alternative,conversion: Alternative,Alternative,Literal: 'to',Literal: 'from',unary_op: Alternative,Alternative,Literal: 'not',Literal: '-',binary_op: Alternative,Alternative,Literal: 'xor',Literal: 'or',Literal: 'and',Literal: 'is not in',Literal: 'is not',Literal: 'is',Literal: 'in',Literal: '&gt;=',Literal: '&gt;',Literal: '&lt;=',Literal: '&lt;',Literal: '^',Literal: '%',Literal: '/',Literal: '*',Literal: '-',Literal: '+',NAME: Repeat: Alternative,Repeat: Alternative,Alternative,Char: 0x61 to 0x7a,Char: 0x41 to 0x5a,Error Eto.Parse.UnaryParser: method: Sequence, Children: method: Sequence,Sequence,Repeat: Char: White Space,Char: White Space,Optional: block: Repeat: Sequence,block: Repeat: Sequence,Repeat: Sequence,Sequence,Optional: LF: Literal: '&#xD;
',LF: Literal: '&#xD;
',Literal: '&#xD;
',expression: Sequence,Sequence,Repeat: Alternative,Alternative,Sequence,Alternative,Literal: ':',Literal: 'else',Literal: 'then',Sequence,binary_op: Alternative,Alternative,Literal: 'xor',Literal: 'or',Literal: 'and',Literal: 'is not in',Literal: 'is not',Literal: 'is',Literal: 'in',Literal: '&gt;=',Literal: '&gt;',Literal: '&lt;=',Literal: '&lt;',Literal: '^',Literal: '%',Literal: '/',Literal: '*',Literal: '-',Literal: '+',Sequence,variablecall: Sequence,Sequence,Optional: Sequence,Sequence,Literal: ')',Optional: arguments: Sequence,arguments: Sequence,Sequence,Repeat: Sequence,Sequence,argument: expression: Sequence,Literal: ',',Literal: '(',NAME: Repeat: Alternative,Repeat: Alternative,Alternative,Char: 0x61 to 0x7a,Char: 0x41 to 0x5a,conversion: Alternative,Alternative,Literal: 'to',Literal: 'from',Sequence,methodcall: Sequence,Sequence,Optional: Sequence,Sequence,Literal: ')',Optional: arguments: Sequence,Literal: '(',methodname: Alternative,Alternative,unary_op: Alternative,Alternative,Literal: 'not',Literal: '-',Literal: '.',Alternative,assignment: Sequence,Sequence,Literal: '=',Optional: Literal: 'let',Literal: 'let',Optional: Literal: 'mutable',Literal: 'mutable',Optional: Literal: 'constant',Literal: 'constant',member: Sequence,Sequence,Optional: LF: Literal: '&#xD;
',Optional: Sequence,Sequence,Literal: 'with',variable: Sequence,Sequence,Optional: type: Sequence,type: Sequence,Sequence,Optional: Sequence,Sequence,Literal: ')',Repeat: Sequence,Sequence,Literal: ',',Literal: '(',Literal: 'has',for: Sequence,Sequence,Optional: Sequence,Sequence,Literal: 'in',reference: NAME: Repeat: Alternative,Literal: 'for',if: Sequence,Sequence,Optional: Sequence,Sequence,Literal: 'else',Literal: 'if',mutable: Sequence,Sequence,Literal: '=',Literal: 'mutable',return: Sequence,Sequence,Literal: 'return',unary_exp: Sequence,Sequence,group: Sequence,Sequence,Literal: ')',Repeat: Sequence,Sequence,Literal: ',',Literal: '(',constant: Alternative,Alternative,STRING: Sequence,Sequence,Literal: '"',Repeat: Alternative,Alternative,Literal: '\',TAB: Literal: '	',Literal: '	',STRINGCHAR: Char: 'a','b','c','d','e','f','g','h','i','j','k','l','m','n','o','p','q','r','s','t','u','v','w','x','y','z','A','B','C','D','E','F','G','H','I','J','K','L','M','N','O','P','Q','R','S','T','U','V','W','X','Y','Z','0','1','2','3','4','5','6','7','8','9',0x20,'.',',',';',':','!','?','+','*','/','=','&lt;','&gt;','(',')','_','^','%','&amp;','|','~','@','#','$',''','-',Char: 'a','b','c','d','e','f','g','h','i','j','k','l','m','n','o','p','q','r','s','t','u','v','w','x','y','z','A','B','C','D','E','F','G','H','I','J','K','L','M','N','O','P','Q','R','S','T','U','V','W','X','Y','Z','0','1','2','3','4','5','6','7','8','9',0x20,'.',',',';',':','!','?','+','*','/','=','&lt;','&gt;','(',')','_','^','%','&amp;','|','~','@','#','$',''','-',Literal: '"',NUMBER: Sequence,Sequence,Optional: Sequence,Sequence,Repeat: Char: 0x30 to 0x39,Char: 0x30 to 0x39,Literal: '.',Repeat: Char: 0x30 to 0x39,Char: 0x30 to 0x39,Literal: 'false',Literal: 'true',Repeat: TAB: Literal: '	',Optional: LF: Literal: '&#xD;
',Optional: type: Sequence,Optional: Sequence,Sequence,Literal: ')',parameters: Sequence,Sequence,Repeat: Sequence,Sequence,parameter: Sequence,Sequence,Optional: Sequence,Sequence,Literal: '=',Optional: type: Sequence,Literal: ',',Literal: '(',Error Eto.Parse.UnaryParser: assignment: Sequence, Children: assignment: Sequence,Sequence,Repeat: Char: White Space,Char: White Space,expression: Sequence,Sequence,Repeat: Alternative,Alternative,Sequence,Alternative,Literal: ':',Literal: 'else',Literal: 'then',Sequence,binary_op: Alternative,Alternative,Literal: 'xor',Literal: 'or',Literal: 'and',Literal: 'is not in',Literal: 'is not',Literal: 'is',Literal: 'in',Literal: '&gt;=',Literal: '&gt;',Literal: '&lt;=',Literal: '&lt;',Literal: '^',Literal: '%',Literal: '/',Literal: '*',Literal: '-',Literal: '+',Sequence,variablecall: Sequence,Sequence,Optional: Sequence,Sequence,Literal: ')',Optional: arguments: Sequence,arguments: Sequence,Sequence,Repeat: Sequence,Sequence,argument: expression: Sequence,Literal: ',',Literal: '(',NAME: Repeat: Alternative,Repeat: Alternative,Alternative,Char: 0x61 to 0x7a,Char: 0x41 to 0x5a,conversion: Alternative,Alternative,Literal: 'to',Literal: 'from',Sequence,methodcall: Sequence,Sequence,Optional: Sequence,Sequence,Literal: ')',Optional: arguments: Sequence,Literal: '(',methodname: Alternative,Alternative,unary_op: Alternative,Alternative,Literal: 'not',Literal: '-',Literal: '.',Alternative,member: Sequence,Sequence,Optional: LF: Literal: '&#xD;
',LF: Literal: '&#xD;
',Literal: '&#xD;
',Optional: Sequence,Sequence,Literal: 'with',variable: Sequence,Sequence,Optional: type: Sequence,type: Sequence,Sequence,Optional: Sequence,Sequence,Literal: ')',Repeat: Sequence,Sequence,Literal: ',',Literal: '(',Literal: 'has',for: Sequence,Sequence,block: Repeat: Sequence,Repeat: Sequence,Sequence,Optional: LF: Literal: '&#xD;
',Repeat: TAB: Literal: '	',TAB: Literal: '	',Literal: '	',Optional: Sequence,Sequence,Literal: 'in',reference: NAME: Repeat: Alternative,Literal: 'for',if: Sequence,Sequence,Optional: Sequence,Sequence,Literal: 'else',Literal: 'if',mutable: Sequence,Sequence,Literal: '=',Literal: 'mutable',return: Sequence,Sequence,Literal: 'return',unary_exp: Sequence,Sequence,group: Sequence,Sequence,Literal: ')',Repeat: Sequence,Sequence,Literal: ',',Literal: '(',constant: Alternative,Alternative,STRING: Sequence,Sequence,Literal: '"',Repeat: Alternative,Alternative,Literal: '\',STRINGCHAR: Char: 'a','b','c','d','e','f','g','h','i','j','k','l','m','n','o','p','q','r','s','t','u','v','w','x','y','z','A','B','C','D','E','F','G','H','I','J','K','L','M','N','O','P','Q','R','S','T','U','V','W','X','Y','Z','0','1','2','3','4','5','6','7','8','9',0x20,'.',',',';',':','!','?','+','*','/','=','&lt;','&gt;','(',')','_','^','%','&amp;','|','~','@','#','$',''','-',Char: 'a','b','c','d','e','f','g','h','i','j','k','l','m','n','o','p','q','r','s','t','u','v','w','x','y','z','A','B','C','D','E','F','G','H','I','J','K','L','M','N','O','P','Q','R','S','T','U','V','W','X','Y','Z','0','1','2','3','4','5','6','7','8','9',0x20,'.',',',';',':','!','?','+','*','/','=','&lt;','&gt;','(',')','_','^','%','&amp;','|','~','@','#','$',''','-',Literal: '"',NUMBER: Sequence,Sequence,Optional: Sequence,Sequence,Repeat: Char: 0x30 to 0x39,Char: 0x30 to 0x39,Literal: '.',Repeat: Char: 0x30 to 0x39,Char: 0x30 to 0x39,Literal: 'false',Literal: 'true',Literal: '=',Optional: Literal: 'let',Literal: 'let',Optional: Literal: 'mutable',Literal: 'mutable',Optional: Literal: 'constant',Literal: 'constant'&#xD;
Assert.That(result.Success, Is.True)&#xD;
  Expected: True&#xD;
  But was:  False&#xD;
</Message>
          <StackTrace>   at Strict.Grammar.Tests.GrammarTests.CheckAllBaseFiles() in C:\code\GitHub\strict-lang\Strict\Strict.Grammar.Tests\GrammarTests.cs:line 50&#xD;

1)    at Strict.Grammar.Tests.GrammarTests.CheckAllBaseFiles() in C:\code\GitHub\strict-lang\Strict\Strict.Grammar.Tests\GrammarTests.cs:line 50&#xD;

</StackTrace>
        </ErrorInfo>
      </Output>
    </UnitTestResult>
    <UnitTestResult executionId="e7219343-e5b3-4907-8361-840a37747bb3" testId="18a39fba-06ee-2c38-9c30-98e2af76fbdf" testName="StrictGrammarIsValid" computerName="SECOND-WORK-PC" duration="00:00:00.0016290" startTime="2026-02-23T08:28:44.7650466+01:00" endTime="2026-02-23T08:28:44.7666758+01:00" testType="13cdc9d9-ddb5-4fa4-a97d-d965ccfc6d4b" outcome="Passed" testListId="8c84fa94-04c1-424b-9868-57a2d4851a1d" relativeResultsDirectory="e7219343-e5b3-4907-8361-840a37747bb3" />
  </Results>
  <TestDefinitions>
    <UnitTest name="StrictCodeDoesNotCrash" storage="c:\code\github\strict-lang\strict\strict.grammar.tests\bin\debug\net10.0\strict.grammar.tests.dll" id="7920d0e6-55e9-49ec-942d-a4a1ac1e17b1">
      <Execution id="84e96fb1-1718-446a-88d8-b4cbed810ba1" />
      <TestMethod codeBase="C:\code\GitHub\strict-lang\Strict\Strict.Grammar.Tests\bin\Debug\net10.0\Strict.Grammar.Tests.dll" adapterTypeName="executor://nunit3testexecutor/" className="Strict.Grammar.Tests.GrammarTests" name="StrictCodeDoesNotCrash" />
    </UnitTest>
    <UnitTest name="StrictCodeRuns" storage="c:\code\github\strict-lang\strict\strict.grammar.tests\bin\debug\net10.0\strict.grammar.tests.dll" id="07a184ea-e2dc-c68a-c6c4-e11d7431d052">
      <Execution id="16f91db8-2523-4ea6-92b3-2dca441b7d60" />
      <TestMethod codeBase="C:\code\GitHub\strict-lang\Strict\Strict.Grammar.Tests\bin\Debug\net10.0\Strict.Grammar.Tests.dll" adapterTypeName="executor://nunit3testexecutor/" className="Strict.Grammar.Tests.GrammarTests" name="StrictCodeRuns" />
    </UnitTest>
    <UnitTest name="InvalidGrammarShouldFail" storage="c:\code\github\strict-lang\strict\strict.grammar.tests\bin\debug\net10.0\strict.grammar.tests.dll" id="547ac1be-c540-29d4-cda6-e62f1bd92230">
      <Execution id="73e4287c-48ff-44c5-9264-f01341b0a5b1" />
      <TestMethod codeBase="C:\code\GitHub\strict-lang\Strict\Strict.Grammar.Tests\bin\Debug\net10.0\Strict.Grammar.Tests.dll" adapterTypeName="executor://nunit3testexecutor/" className="Strict.Grammar.Tests.GrammarTests" name="InvalidGrammarShouldFail" />
    </UnitTest>
    <UnitTest name="StrictGrammarIsValid" storage="c:\code\github\strict-lang\strict\strict.grammar.tests\bin\debug\net10.0\strict.grammar.tests.dll" id="18a39fba-06ee-2c38-9c30-98e2af76fbdf">
      <Execution id="e7219343-e5b3-4907-8361-840a37747bb3" />
      <TestMethod codeBase="C:\code\GitHub\strict-lang\Strict\Strict.Grammar.Tests\bin\Debug\net10.0\Strict.Grammar.Tests.dll" adapterTypeName="executor://nunit3testexecutor/" className="Strict.Grammar.Tests.GrammarTests" name="StrictGrammarIsValid" />
    </UnitTest>
    <UnitTest name="CheckAllBaseFiles" storage="c:\code\github\strict-lang\strict\strict.grammar.tests\bin\debug\net10.0\strict.grammar.tests.dll" id="f501de4e-a850-33e7-9aea-03d30d968acf">
      <Execution id="7b735b89-f1b4-44d1-a5e1-4e3759651592" />
      <TestMethod codeBase="C:\code\GitHub\strict-lang\Strict\Strict.Grammar.Tests\bin\Debug\net10.0\Strict.Grammar.Tests.dll" adapterTypeName="executor://nunit3testexecutor/" className="Strict.Grammar.Tests.GrammarTests" name="CheckAllBaseFiles" />
    </UnitTest>
  </TestDefinitions>
  <TestEntries>
    <TestEntry testId="547ac1be-c540-29d4-cda6-e62f1bd92230" executionId="73e4287c-48ff-44c5-9264-f01341b0a5b1" testListId="8c84fa94-04c1-424b-9868-57a2d4851a1d" />
    <TestEntry testId="7920d0e6-55e9-49ec-942d-a4a1ac1e17b1" executionId="84e96fb1-1718-446a-88d8-b4cbed810ba1" testListId="8c84fa94-04c1-424b-9868-57a2d4851a1d" />
    <TestEntry testId="07a184ea-e2dc-c68a-c6c4-e11d7431d052" executionId="16f91db8-2523-4ea6-92b3-2dca441b7d60" testListId="8c84fa94-04c1-424b-9868-57a2d4851a1d" />
    <TestEntry testId="f501de4e-a850-33e7-9aea-03d30d968acf" executionId="7b735b89-f1b4-44d1-a5e1-4e3759651592" testListId="8c84fa94-04c1-424b-9868-57a2d4851a1d" />
    <TestEntry testId="18a39fba-06ee-2c38-9c30-98e2af76fbdf" executionId="e7219343-e5b3-4907-8361-840a37747bb3" testListId="8c84fa94-04c1-424b-9868-57a2d4851a1d" />
  </TestEntries>
  <TestLists>
    <TestList name="Results Not in a List" id="8c84fa94-04c1-424b-9868-57a2d4851a1d" />
    <TestList name="All Loaded Results" id="19431567-8539-422a-85d7-44ee4e166bda" />
  </TestLists>
  <ResultSummary outcome="Failed">
    <Counters total="5" executed="5" passed="4" failed="1" error="0" timeout="0" aborted="0" inconclusive="0" passedButRunAborted="0" notRunnable="0" notExecuted="0" disconnected="0" warning="0" completed="0" inProgress="0" pending="0" />
    <Output>
      <StdOut>NUnit Adapter 4.6.0.0: Test execution started&#xD;
Running all tests in C:\code\GitHub\strict-lang\Strict\Strict.Grammar.Tests\bin\Debug\net10.0\Strict.Grammar.Tests.dll&#xD;
   NUnit3TestExecutor discovered 5 of 5 NUnit test cases using Current Discovery mode, Non-Explicit run&#xD;
NUnit Adapter 4.6.0.0: Test execution complete&#xD;
</StdOut>
    </Output>
  </ResultSummary>
</TestRun>